<?xml version="1.0" encoding="UTF-8"?>
<!-- Generated by org.testng.reporters.JUnitReportReporter -->
<testsuite hostname="MSI" failures="0" tests="1" name="TestScript.FourthTest" time="22.058" errors="0" timestamp="2023-02-18T12:30:24 IST" skipped="0">
  <testcase classname="TestScript.FourthTest" name="firstTest" time="22.058"/>
  <system-out/>
</testsuite> <!-- TestScript.FourthTest -->
