<?xml version="1.0" encoding="UTF-8"?>
<!-- Generated by org.testng.reporters.JUnitReportReporter -->
<testsuite hostname="MSI" failures="0" tests="1" name="TestScript.FirstTest" time="8.690" errors="0" timestamp="2023-02-17T13:47:12 IST" skipped="0">
  <testcase classname="TestScript.FirstTest" name="firstTest" time="8.690"/>
  <system-out/>
</testsuite> <!-- TestScript.FirstTest -->
